2017-05-11 10:35:00.167  INFO 3720 --- [main] com.gclasscn.mongo.Application           : Starting Application on DESKTOP-FQDQV76 with PID 3720 (D:\workspace\edu_mongdb\target\classes started by xiaojun in D:\workspace\edu_mongdb)
2017-05-11 10:35:00.172  INFO 3720 --- [main] com.gclasscn.mongo.Application           : No active profile set, falling back to default profiles: default
2017-05-11 10:35:00.240  INFO 3720 --- [main] ationConfigEmbeddedWebApplicationContext : Refreshing org.springframework.boot.context.embedded.AnnotationConfigEmbeddedWebApplicationContext@59b38691: startup date [Thu May 11 10:35:00 CST 2017]; root of context hierarchy
2017-05-11 10:35:02.459  INFO 3720 --- [main] s.b.c.e.t.TomcatEmbeddedServletContainer : Tomcat initialized with port(s): 7003 (http)
2017-05-11 10:35:02.473  INFO 3720 --- [main] o.apache.catalina.core.StandardService   : Starting service Tomcat
2017-05-11 10:35:02.474  INFO 3720 --- [main] org.apache.catalina.core.StandardEngine  : Starting Servlet Engine: Apache Tomcat/8.5.6
2017-05-11 10:35:02.595  INFO 3720 --- [localhost-startStop-1] o.a.c.c.C.[Tomcat].[localhost].[/]       : Initializing Spring embedded WebApplicationContext
2017-05-11 10:35:02.596  INFO 3720 --- [localhost-startStop-1] o.s.web.context.ContextLoader            : Root WebApplicationContext: initialization completed in 2360 ms
2017-05-11 10:35:02.962  INFO 3720 --- [localhost-startStop-1] o.s.b.w.servlet.ServletRegistrationBean  : Mapping servlet: 'dispatcherServlet' to [/]
2017-05-11 10:35:02.968  INFO 3720 --- [localhost-startStop-1] o.s.b.w.servlet.FilterRegistrationBean   : Mapping filter: 'metricsFilter' to: [/*]
2017-05-11 10:35:02.969  INFO 3720 --- [localhost-startStop-1] o.s.b.w.servlet.FilterRegistrationBean   : Mapping filter: 'characterEncodingFilter' to: [/*]
2017-05-11 10:35:02.969  INFO 3720 --- [localhost-startStop-1] o.s.b.w.servlet.FilterRegistrationBean   : Mapping filter: 'hiddenHttpMethodFilter' to: [/*]
2017-05-11 10:35:02.969  INFO 3720 --- [localhost-startStop-1] o.s.b.w.servlet.FilterRegistrationBean   : Mapping filter: 'httpPutFormContentFilter' to: [/*]
2017-05-11 10:35:02.969  INFO 3720 --- [localhost-startStop-1] o.s.b.w.servlet.FilterRegistrationBean   : Mapping filter: 'requestContextFilter' to: [/*]
2017-05-11 10:35:02.970  INFO 3720 --- [localhost-startStop-1] o.s.b.w.servlet.FilterRegistrationBean   : Mapping filter: 'webRequestLoggingFilter' to: [/*]
2017-05-11 10:35:02.970  INFO 3720 --- [localhost-startStop-1] o.s.b.w.servlet.FilterRegistrationBean   : Mapping filter: 'applicationContextIdFilter' to: [/*]
2017-05-11 10:35:03.288  INFO 3720 --- [main] org.mongodb.driver.cluster               : Cluster created with settings {hosts=[localhost:27017], mode=MULTIPLE, requiredClusterType=UNKNOWN, serverSelectionTimeout='30000 ms', maxWaitQueueSize=500}
2017-05-11 10:35:03.288  INFO 3720 --- [main] org.mongodb.driver.cluster               : Adding discovered server localhost:27017 to client view of cluster
2017-05-11 10:35:03.365  INFO 3720 --- [cluster-ClusterId{value='5913cdd755aed50e880c2e68', description='null'}-localhost:27017] org.mongodb.driver.connection            : Opened connection [connectionId{localValue:1, serverValue:40}] to localhost:27017
2017-05-11 10:35:03.366  INFO 3720 --- [cluster-ClusterId{value='5913cdd755aed50e880c2e68', description='null'}-localhost:27017] org.mongodb.driver.cluster               : Monitor thread successfully connected to server with description ServerDescription{address=localhost:27017, type=STANDALONE, state=CONNECTED, ok=true, version=ServerVersion{versionList=[3, 4, 4]}, minWireVersion=0, maxWireVersion=5, maxDocumentSize=16777216, roundTripTimeNanos=577778}
2017-05-11 10:35:03.367  INFO 3720 --- [cluster-ClusterId{value='5913cdd755aed50e880c2e68', description='null'}-localhost:27017] org.mongodb.driver.cluster               : Discovered cluster type of STANDALONE
2017-05-11 10:35:03.664  INFO 3720 --- [main] o.a.j.office.ProcessPoolOfficeManager    : ProcessManager implementation is PureJavaProcessManager
2017-05-11 10:35:04.057  INFO 3720 --- [main] s.w.s.m.m.a.RequestMappingHandlerAdapter : Looking for @ControllerAdvice: org.springframework.boot.context.embedded.AnnotationConfigEmbeddedWebApplicationContext@59b38691: startup date [Thu May 11 10:35:00 CST 2017]; root of context hierarchy
2017-05-11 10:35:04.143  INFO 3720 --- [main] s.w.s.m.m.a.RequestMappingHandlerMapping : Mapped "{[/v1/files],methods=[POST]}" onto public com.gclasscn.mongo.domain.UploadResponse com.gclasscn.mongo.controller.FileController.uploadFile(org.springframework.web.multipart.MultipartFile)
2017-05-11 10:35:04.144  INFO 3720 --- [main] s.w.s.m.m.a.RequestMappingHandlerMapping : Mapped "{[/v1/files/fileid/{fileId}],methods=[DELETE]}" onto public java.lang.Integer com.gclasscn.mongo.controller.FileController.deleteFile(java.lang.String)
2017-05-11 10:35:04.144  INFO 3720 --- [main] s.w.s.m.m.a.RequestMappingHandlerMapping : Mapped "{[/v1/files/id/{id}],methods=[GET]}" onto public org.springframework.http.ResponseEntity<org.springframework.core.io.InputStreamResource> com.gclasscn.mongo.controller.FileController.downloadFile(java.lang.String,javax.servlet.http.HttpServletRequest)
2017-05-11 10:35:04.145  INFO 3720 --- [main] s.w.s.m.m.a.RequestMappingHandlerMapping : Mapped "{[/v1/files/ids],methods=[GET]}" onto public void com.gclasscn.mongo.controller.FileController.downloadFiles(java.lang.String[],javax.servlet.http.HttpServletRequest,javax.servlet.http.HttpServletResponse)
2017-05-11 10:35:04.145  INFO 3720 --- [main] s.w.s.m.m.a.RequestMappingHandlerMapping : Mapped "{[/v1/files/images/{imageId}],methods=[GET]}" onto public void com.gclasscn.mongo.controller.FileController.preview(java.lang.String,javax.servlet.http.HttpServletRequest,javax.servlet.http.HttpServletResponse)
2017-05-11 10:35:04.145  INFO 3720 --- [main] s.w.s.m.m.a.RequestMappingHandlerMapping : Mapped "{[/v1/files/images/{imageId}/{width}/{height}],methods=[GET]}" onto public java.lang.String com.gclasscn.mongo.controller.FileController.getImageData(java.lang.String,java.lang.Integer,java.lang.Integer)
2017-05-11 10:35:04.147  INFO 3720 --- [main] s.w.s.m.m.a.RequestMappingHandlerMapping : Mapped "{[/error]}" onto public org.springframework.http.ResponseEntity<java.util.Map<java.lang.String, java.lang.Object>> org.springframework.boot.autoconfigure.web.BasicErrorController.error(javax.servlet.http.HttpServletRequest)
2017-05-11 10:35:04.148  INFO 3720 --- [main] s.w.s.m.m.a.RequestMappingHandlerMapping : Mapped "{[/error],produces=[text/html]}" onto public org.springframework.web.servlet.ModelAndView org.springframework.boot.autoconfigure.web.BasicErrorController.errorHtml(javax.servlet.http.HttpServletRequest,javax.servlet.http.HttpServletResponse)
2017-05-11 10:35:04.201  INFO 3720 --- [main] o.s.w.s.handler.SimpleUrlHandlerMapping  : Mapped URL path [/webjars/**] onto handler of type [class org.springframework.web.servlet.resource.ResourceHttpRequestHandler]
2017-05-11 10:35:04.202  INFO 3720 --- [main] o.s.w.s.handler.SimpleUrlHandlerMapping  : Mapped URL path [/**] onto handler of type [class org.springframework.web.servlet.resource.ResourceHttpRequestHandler]
2017-05-11 10:35:04.264  INFO 3720 --- [main] o.s.w.s.handler.SimpleUrlHandlerMapping  : Mapped URL path [/**/favicon.ico] onto handler of type [class org.springframework.web.servlet.resource.ResourceHttpRequestHandler]
2017-05-11 10:35:05.043  INFO 3720 --- [main] o.s.j.e.a.AnnotationMBeanExporter        : Registering beans for JMX exposure on startup
2017-05-11 10:35:05.052  INFO 3720 --- [main] ationConfigEmbeddedWebApplicationContext : Refreshing org.springframework.boot.context.embedded.AnnotationConfigEmbeddedWebApplicationContext@59a94d0f: startup date [Thu May 11 10:35:05 CST 2017]; parent: org.springframework.boot.context.embedded.AnnotationConfigEmbeddedWebApplicationContext@59b38691
2017-05-11 10:35:05.087  INFO 3720 --- [main] o.s.b.f.s.DefaultListableBeanFactory     : Overriding bean definition for bean 'handlerExceptionResolver' with a different definition: replacing [Root bean: class [null]; scope=; abstract=false; lazyInit=false; autowireMode=3; dependencyCheck=0; autowireCandidate=true; primary=false; factoryBeanName=org.springframework.web.servlet.config.annotation.DelegatingWebMvcConfiguration; factoryMethodName=handlerExceptionResolver; initMethodName=null; destroyMethodName=(inferred); defined in org.springframework.web.servlet.config.annotation.DelegatingWebMvcConfiguration] with [Root bean: class [null]; scope=; abstract=false; lazyInit=false; autowireMode=3; dependencyCheck=0; autowireCandidate=true; primary=false; factoryBeanName=endpointWebMvcChildContextConfiguration; factoryMethodName=compositeHandlerExceptionResolver; initMethodName=null; destroyMethodName=(inferred); defined in org.springframework.boot.actuate.autoconfigure.EndpointWebMvcChildContextConfiguration]
2017-05-11 10:35:05.138  INFO 3720 --- [main] s.b.c.e.t.TomcatEmbeddedServletContainer : Tomcat initialized with port(s): 8093 (http)
2017-05-11 10:35:05.139  INFO 3720 --- [main] o.apache.catalina.core.StandardService   : Starting service Tomcat
2017-05-11 10:35:05.139  INFO 3720 --- [main] org.apache.catalina.core.StandardEngine  : Starting Servlet Engine: Apache Tomcat/8.5.6
2017-05-11 10:35:05.159  INFO 3720 --- [localhost-startStop-1] o.a.c.c.C.[Tomcat-1].[localhost].[/]     : Initializing Spring embedded WebApplicationContext
2017-05-11 10:35:05.161  INFO 3720 --- [localhost-startStop-1] o.s.web.context.ContextLoader            : Root WebApplicationContext: initialization completed in 109 ms
2017-05-11 10:35:05.166  INFO 3720 --- [localhost-startStop-1] o.s.b.w.servlet.ServletRegistrationBean  : Mapping servlet: 'dispatcherServlet' to [/]
2017-05-11 10:35:05.328  INFO 3720 --- [main] o.s.b.a.e.mvc.EndpointHandlerMapping     : Mapped "{[/metrics/{name:.*}],methods=[GET],produces=[application/json]}" onto public java.lang.Object org.springframework.boot.actuate.endpoint.mvc.MetricsMvcEndpoint.value(java.lang.String)
2017-05-11 10:35:05.329  INFO 3720 --- [main] o.s.b.a.e.mvc.EndpointHandlerMapping     : Mapped "{[/metrics || /metrics.json],methods=[GET],produces=[application/json]}" onto public java.lang.Object org.springframework.boot.actuate.endpoint.mvc.EndpointMvcAdapter.invoke()
2017-05-11 10:35:05.330  INFO 3720 --- [main] o.s.b.a.e.mvc.EndpointHandlerMapping     : Mapped "{[/env/{name:.*}],methods=[GET],produces=[application/json]}" onto public java.lang.Object org.springframework.boot.actuate.endpoint.mvc.EnvironmentMvcEndpoint.value(java.lang.String)
2017-05-11 10:35:05.330  INFO 3720 --- [main] o.s.b.a.e.mvc.EndpointHandlerMapping     : Mapped "{[/env || /env.json],methods=[GET],produces=[application/json]}" onto public java.lang.Object org.springframework.boot.actuate.endpoint.mvc.EndpointMvcAdapter.invoke()
2017-05-11 10:35:05.332  INFO 3720 --- [main] o.s.b.a.e.mvc.EndpointHandlerMapping     : Mapped "{[/mappings || /mappings.json],methods=[GET],produces=[application/json]}" onto public java.lang.Object org.springframework.boot.actuate.endpoint.mvc.EndpointMvcAdapter.invoke()
2017-05-11 10:35:05.333  INFO 3720 --- [main] o.s.b.a.e.mvc.EndpointHandlerMapping     : Mapped "{[/trace || /trace.json],methods=[GET],produces=[application/json]}" onto public java.lang.Object org.springframework.boot.actuate.endpoint.mvc.EndpointMvcAdapter.invoke()
2017-05-11 10:35:05.334  INFO 3720 --- [main] o.s.b.a.e.mvc.EndpointHandlerMapping     : Mapped "{[/logfile || /logfile.json],methods=[GET || HEAD]}" onto public void org.springframework.boot.actuate.endpoint.mvc.LogFileMvcEndpoint.invoke(javax.servlet.http.HttpServletRequest,javax.servlet.http.HttpServletResponse) throws javax.servlet.ServletException,java.io.IOException
2017-05-11 10:35:05.335  INFO 3720 --- [main] o.s.b.a.e.mvc.EndpointHandlerMapping     : Mapped "{[/beans || /beans.json],methods=[GET],produces=[application/json]}" onto public java.lang.Object org.springframework.boot.actuate.endpoint.mvc.EndpointMvcAdapter.invoke()
2017-05-11 10:35:05.335  INFO 3720 --- [main] o.s.b.a.e.mvc.EndpointHandlerMapping     : Mapped "{[/info || /info.json],methods=[GET],produces=[application/json]}" onto public java.lang.Object org.springframework.boot.actuate.endpoint.mvc.EndpointMvcAdapter.invoke()
2017-05-11 10:35:05.336  INFO 3720 --- [main] o.s.b.a.e.mvc.EndpointHandlerMapping     : Mapped "{[/heapdump || /heapdump.json],methods=[GET],produces=[application/octet-stream]}" onto public void org.springframework.boot.actuate.endpoint.mvc.HeapdumpMvcEndpoint.invoke(boolean,javax.servlet.http.HttpServletRequest,javax.servlet.http.HttpServletResponse) throws java.io.IOException,javax.servlet.ServletException
2017-05-11 10:35:05.340  INFO 3720 --- [main] o.s.b.a.e.mvc.EndpointHandlerMapping     : Mapped "{[/autoconfig || /autoconfig.json],methods=[GET],produces=[application/json]}" onto public java.lang.Object org.springframework.boot.actuate.endpoint.mvc.EndpointMvcAdapter.invoke()
2017-05-11 10:35:05.341  INFO 3720 --- [main] o.s.b.a.e.mvc.EndpointHandlerMapping     : Mapped "{[/configprops || /configprops.json],methods=[GET],produces=[application/json]}" onto public java.lang.Object org.springframework.boot.actuate.endpoint.mvc.EndpointMvcAdapter.invoke()
2017-05-11 10:35:05.343  INFO 3720 --- [main] o.s.b.a.e.mvc.EndpointHandlerMapping     : Mapped "{[/dump || /dump.json],methods=[GET],produces=[application/json]}" onto public java.lang.Object org.springframework.boot.actuate.endpoint.mvc.EndpointMvcAdapter.invoke()
2017-05-11 10:35:05.345  INFO 3720 --- [main] o.s.b.a.e.mvc.EndpointHandlerMapping     : Mapped "{[/health || /health.json],produces=[application/json]}" onto public java.lang.Object org.springframework.boot.actuate.endpoint.mvc.HealthMvcEndpoint.invoke(java.security.Principal)
2017-05-11 10:35:05.373  INFO 3720 --- [main] o.s.w.s.handler.SimpleUrlHandlerMapping  : Mapped URL path [/webjars/**] onto handler of type [class org.springframework.web.servlet.resource.ResourceHttpRequestHandler]
2017-05-11 10:35:05.373  INFO 3720 --- [main] o.s.w.s.handler.SimpleUrlHandlerMapping  : Mapped URL path [/**] onto handler of type [class org.springframework.web.servlet.resource.ResourceHttpRequestHandler]
2017-05-11 10:35:05.386  INFO 3720 --- [main] s.w.s.m.m.a.RequestMappingHandlerAdapter : Looking for @ControllerAdvice: org.springframework.boot.context.embedded.AnnotationConfigEmbeddedWebApplicationContext@59a94d0f: startup date [Thu May 11 10:35:05 CST 2017]; parent: org.springframework.boot.context.embedded.AnnotationConfigEmbeddedWebApplicationContext@59b38691
2017-05-11 10:35:05.400  INFO 3720 --- [main] s.w.s.m.m.a.RequestMappingHandlerMapping : Mapped "{[/error]}" onto public java.util.Map<java.lang.String, java.lang.Object> org.springframework.boot.actuate.endpoint.mvc.ManagementErrorEndpoint.invoke()
2017-05-11 10:35:05.546  INFO 3720 --- [main] s.b.c.e.t.TomcatEmbeddedServletContainer : Tomcat started on port(s): 8093 (http)
2017-05-11 10:35:05.556  INFO 3720 --- [main] o.s.c.support.DefaultLifecycleProcessor  : Starting beans in phase 0
2017-05-11 10:35:05.640  INFO 3720 --- [main] s.b.c.e.t.TomcatEmbeddedServletContainer : Tomcat started on port(s): 7003 (http)
2017-05-11 10:35:05.646  INFO 3720 --- [main] com.gclasscn.mongo.Application           : Started Application in 6.016 seconds (JVM running for 6.48)
2017-05-11 10:35:56.030  INFO 11204 --- [main] com.gclasscn.mongo.Application           : Starting Application on DESKTOP-FQDQV76 with PID 11204 (D:\workspace\edu_mongdb\target\classes started by xiaojun in D:\workspace\edu_mongdb)
2017-05-11 10:35:56.035  INFO 11204 --- [main] com.gclasscn.mongo.Application           : No active profile set, falling back to default profiles: default
2017-05-11 10:35:56.113  INFO 11204 --- [main] ationConfigEmbeddedWebApplicationContext : Refreshing org.springframework.boot.context.embedded.AnnotationConfigEmbeddedWebApplicationContext@59b38691: startup date [Thu May 11 10:35:56 CST 2017]; root of context hierarchy
2017-05-11 10:35:58.472  INFO 11204 --- [main] s.b.c.e.t.TomcatEmbeddedServletContainer : Tomcat initialized with port(s): 7003 (http)
2017-05-11 10:35:58.486  INFO 11204 --- [main] o.apache.catalina.core.StandardService   : Starting service Tomcat
2017-05-11 10:35:58.487  INFO 11204 --- [main] org.apache.catalina.core.StandardEngine  : Starting Servlet Engine: Apache Tomcat/8.5.6
2017-05-11 10:35:58.599  INFO 11204 --- [localhost-startStop-1] o.a.c.c.C.[Tomcat].[localhost].[/]       : Initializing Spring embedded WebApplicationContext
2017-05-11 10:35:58.599  INFO 11204 --- [localhost-startStop-1] o.s.web.context.ContextLoader            : Root WebApplicationContext: initialization completed in 2489 ms
2017-05-11 10:35:58.963  INFO 11204 --- [localhost-startStop-1] o.s.b.w.servlet.ServletRegistrationBean  : Mapping servlet: 'dispatcherServlet' to [/]
2017-05-11 10:35:58.967  INFO 11204 --- [localhost-startStop-1] o.s.b.w.servlet.FilterRegistrationBean   : Mapping filter: 'metricsFilter' to: [/*]
2017-05-11 10:35:58.968  INFO 11204 --- [localhost-startStop-1] o.s.b.w.servlet.FilterRegistrationBean   : Mapping filter: 'characterEncodingFilter' to: [/*]
2017-05-11 10:35:58.969  INFO 11204 --- [localhost-startStop-1] o.s.b.w.servlet.FilterRegistrationBean   : Mapping filter: 'hiddenHttpMethodFilter' to: [/*]
2017-05-11 10:35:58.969  INFO 11204 --- [localhost-startStop-1] o.s.b.w.servlet.FilterRegistrationBean   : Mapping filter: 'httpPutFormContentFilter' to: [/*]
2017-05-11 10:35:58.969  INFO 11204 --- [localhost-startStop-1] o.s.b.w.servlet.FilterRegistrationBean   : Mapping filter: 'requestContextFilter' to: [/*]
2017-05-11 10:35:58.969  INFO 11204 --- [localhost-startStop-1] o.s.b.w.servlet.FilterRegistrationBean   : Mapping filter: 'webRequestLoggingFilter' to: [/*]
2017-05-11 10:35:58.969  INFO 11204 --- [localhost-startStop-1] o.s.b.w.servlet.FilterRegistrationBean   : Mapping filter: 'applicationContextIdFilter' to: [/*]
2017-05-11 10:35:59.255  INFO 11204 --- [main] org.mongodb.driver.cluster               : Cluster created with settings {hosts=[localhost:27017], mode=MULTIPLE, requiredClusterType=UNKNOWN, serverSelectionTimeout='30000 ms', maxWaitQueueSize=500}
2017-05-11 10:35:59.255  INFO 11204 --- [main] org.mongodb.driver.cluster               : Adding discovered server localhost:27017 to client view of cluster
2017-05-11 10:35:59.334  INFO 11204 --- [cluster-ClusterId{value='5913ce0f55aed52bc43f150c', description='null'}-localhost:27017] org.mongodb.driver.connection            : Opened connection [connectionId{localValue:1, serverValue:41}] to localhost:27017
2017-05-11 10:35:59.336  INFO 11204 --- [cluster-ClusterId{value='5913ce0f55aed52bc43f150c', description='null'}-localhost:27017] org.mongodb.driver.cluster               : Monitor thread successfully connected to server with description ServerDescription{address=localhost:27017, type=STANDALONE, state=CONNECTED, ok=true, version=ServerVersion{versionList=[3, 4, 4]}, minWireVersion=0, maxWireVersion=5, maxDocumentSize=16777216, roundTripTimeNanos=1160001}
2017-05-11 10:35:59.337  INFO 11204 --- [cluster-ClusterId{value='5913ce0f55aed52bc43f150c', description='null'}-localhost:27017] org.mongodb.driver.cluster               : Discovered cluster type of STANDALONE
2017-05-11 10:35:59.614  INFO 11204 --- [main] o.a.j.office.ProcessPoolOfficeManager    : ProcessManager implementation is PureJavaProcessManager
2017-05-11 10:35:59.975  INFO 11204 --- [main] s.w.s.m.m.a.RequestMappingHandlerAdapter : Looking for @ControllerAdvice: org.springframework.boot.context.embedded.AnnotationConfigEmbeddedWebApplicationContext@59b38691: startup date [Thu May 11 10:35:56 CST 2017]; root of context hierarchy
2017-05-11 10:36:00.050  INFO 11204 --- [main] s.w.s.m.m.a.RequestMappingHandlerMapping : Mapped "{[/v1/files],methods=[POST]}" onto public com.gclasscn.mongo.domain.UploadResponse com.gclasscn.mongo.controller.FileController.uploadFile(org.springframework.web.multipart.MultipartFile)
2017-05-11 10:36:00.051  INFO 11204 --- [main] s.w.s.m.m.a.RequestMappingHandlerMapping : Mapped "{[/v1/files/fileid/{fileId}],methods=[DELETE]}" onto public java.lang.Integer com.gclasscn.mongo.controller.FileController.deleteFile(java.lang.String)
2017-05-11 10:36:00.051  INFO 11204 --- [main] s.w.s.m.m.a.RequestMappingHandlerMapping : Mapped "{[/v1/files/images/{imageId}],methods=[GET]}" onto public void com.gclasscn.mongo.controller.FileController.preview(java.lang.String,javax.servlet.http.HttpServletRequest,javax.servlet.http.HttpServletResponse)
2017-05-11 10:36:00.052  INFO 11204 --- [main] s.w.s.m.m.a.RequestMappingHandlerMapping : Mapped "{[/v1/files/id/{id}],methods=[GET]}" onto public org.springframework.http.ResponseEntity<org.springframework.core.io.InputStreamResource> com.gclasscn.mongo.controller.FileController.downloadFile(java.lang.String,javax.servlet.http.HttpServletRequest)
2017-05-11 10:36:00.052  INFO 11204 --- [main] s.w.s.m.m.a.RequestMappingHandlerMapping : Mapped "{[/v1/files/images/{imageId}/{width}/{height}],methods=[GET]}" onto public java.lang.String com.gclasscn.mongo.controller.FileController.getImageData(java.lang.String,java.lang.Integer,java.lang.Integer)
2017-05-11 10:36:00.052  INFO 11204 --- [main] s.w.s.m.m.a.RequestMappingHandlerMapping : Mapped "{[/v1/files/ids],methods=[GET]}" onto public void com.gclasscn.mongo.controller.FileController.downloadFiles(java.lang.String[],javax.servlet.http.HttpServletRequest,javax.servlet.http.HttpServletResponse)
2017-05-11 10:36:00.054  INFO 11204 --- [main] s.w.s.m.m.a.RequestMappingHandlerMapping : Mapped "{[/error]}" onto public org.springframework.http.ResponseEntity<java.util.Map<java.lang.String, java.lang.Object>> org.springframework.boot.autoconfigure.web.BasicErrorController.error(javax.servlet.http.HttpServletRequest)
2017-05-11 10:36:00.055  INFO 11204 --- [main] s.w.s.m.m.a.RequestMappingHandlerMapping : Mapped "{[/error],produces=[text/html]}" onto public org.springframework.web.servlet.ModelAndView org.springframework.boot.autoconfigure.web.BasicErrorController.errorHtml(javax.servlet.http.HttpServletRequest,javax.servlet.http.HttpServletResponse)
2017-05-11 10:36:00.098  INFO 11204 --- [main] o.s.w.s.handler.SimpleUrlHandlerMapping  : Mapped URL path [/webjars/**] onto handler of type [class org.springframework.web.servlet.resource.ResourceHttpRequestHandler]
2017-05-11 10:36:00.099  INFO 11204 --- [main] o.s.w.s.handler.SimpleUrlHandlerMapping  : Mapped URL path [/**] onto handler of type [class org.springframework.web.servlet.resource.ResourceHttpRequestHandler]
2017-05-11 10:36:00.160  INFO 11204 --- [main] o.s.w.s.handler.SimpleUrlHandlerMapping  : Mapped URL path [/**/favicon.ico] onto handler of type [class org.springframework.web.servlet.resource.ResourceHttpRequestHandler]
2017-05-11 10:36:00.917  INFO 11204 --- [main] o.s.j.e.a.AnnotationMBeanExporter        : Registering beans for JMX exposure on startup
2017-05-11 10:36:00.924  INFO 11204 --- [main] ationConfigEmbeddedWebApplicationContext : Refreshing org.springframework.boot.context.embedded.AnnotationConfigEmbeddedWebApplicationContext@6e364f1f: startup date [Thu May 11 10:36:00 CST 2017]; parent: org.springframework.boot.context.embedded.AnnotationConfigEmbeddedWebApplicationContext@59b38691
2017-05-11 10:36:00.958  INFO 11204 --- [main] o.s.b.f.s.DefaultListableBeanFactory     : Overriding bean definition for bean 'handlerExceptionResolver' with a different definition: replacing [Root bean: class [null]; scope=; abstract=false; lazyInit=false; autowireMode=3; dependencyCheck=0; autowireCandidate=true; primary=false; factoryBeanName=org.springframework.web.servlet.config.annotation.DelegatingWebMvcConfiguration; factoryMethodName=handlerExceptionResolver; initMethodName=null; destroyMethodName=(inferred); defined in org.springframework.web.servlet.config.annotation.DelegatingWebMvcConfiguration] with [Root bean: class [null]; scope=; abstract=false; lazyInit=false; autowireMode=3; dependencyCheck=0; autowireCandidate=true; primary=false; factoryBeanName=endpointWebMvcChildContextConfiguration; factoryMethodName=compositeHandlerExceptionResolver; initMethodName=null; destroyMethodName=(inferred); defined in org.springframework.boot.actuate.autoconfigure.EndpointWebMvcChildContextConfiguration]
2017-05-11 10:36:01.020  INFO 11204 --- [main] s.b.c.e.t.TomcatEmbeddedServletContainer : Tomcat initialized with port(s): 8093 (http)
2017-05-11 10:36:01.023  INFO 11204 --- [main] o.apache.catalina.core.StandardService   : Starting service Tomcat
2017-05-11 10:36:01.023  INFO 11204 --- [main] org.apache.catalina.core.StandardEngine  : Starting Servlet Engine: Apache Tomcat/8.5.6
2017-05-11 10:36:01.043  INFO 11204 --- [localhost-startStop-1] o.a.c.c.C.[Tomcat-1].[localhost].[/]     : Initializing Spring embedded WebApplicationContext
2017-05-11 10:36:01.044  INFO 11204 --- [localhost-startStop-1] o.s.web.context.ContextLoader            : Root WebApplicationContext: initialization completed in 120 ms
2017-05-11 10:36:01.048  INFO 11204 --- [localhost-startStop-1] o.s.b.w.servlet.ServletRegistrationBean  : Mapping servlet: 'dispatcherServlet' to [/]
2017-05-11 10:36:01.186  INFO 11204 --- [main] o.s.b.a.e.mvc.EndpointHandlerMapping     : Mapped "{[/autoconfig || /autoconfig.json],methods=[GET],produces=[application/json]}" onto public java.lang.Object org.springframework.boot.actuate.endpoint.mvc.EndpointMvcAdapter.invoke()
2017-05-11 10:36:01.186  INFO 11204 --- [main] o.s.b.a.e.mvc.EndpointHandlerMapping     : Mapped "{[/configprops || /configprops.json],methods=[GET],produces=[application/json]}" onto public java.lang.Object org.springframework.boot.actuate.endpoint.mvc.EndpointMvcAdapter.invoke()
2017-05-11 10:36:01.187  INFO 11204 --- [main] o.s.b.a.e.mvc.EndpointHandlerMapping     : Mapped "{[/health || /health.json],produces=[application/json]}" onto public java.lang.Object org.springframework.boot.actuate.endpoint.mvc.HealthMvcEndpoint.invoke(java.security.Principal)
2017-05-11 10:36:01.188  INFO 11204 --- [main] o.s.b.a.e.mvc.EndpointHandlerMapping     : Mapped "{[/logfile || /logfile.json],methods=[GET || HEAD]}" onto public void org.springframework.boot.actuate.endpoint.mvc.LogFileMvcEndpoint.invoke(javax.servlet.http.HttpServletRequest,javax.servlet.http.HttpServletResponse) throws javax.servlet.ServletException,java.io.IOException
2017-05-11 10:36:01.189  INFO 11204 --- [main] o.s.b.a.e.mvc.EndpointHandlerMapping     : Mapped "{[/env/{name:.*}],methods=[GET],produces=[application/json]}" onto public java.lang.Object org.springframework.boot.actuate.endpoint.mvc.EnvironmentMvcEndpoint.value(java.lang.String)
2017-05-11 10:36:01.190  INFO 11204 --- [main] o.s.b.a.e.mvc.EndpointHandlerMapping     : Mapped "{[/env || /env.json],methods=[GET],produces=[application/json]}" onto public java.lang.Object org.springframework.boot.actuate.endpoint.mvc.EndpointMvcAdapter.invoke()
2017-05-11 10:36:01.192  INFO 11204 --- [main] o.s.b.a.e.mvc.EndpointHandlerMapping     : Mapped "{[/trace || /trace.json],methods=[GET],produces=[application/json]}" onto public java.lang.Object org.springframework.boot.actuate.endpoint.mvc.EndpointMvcAdapter.invoke()
2017-05-11 10:36:01.193  INFO 11204 --- [main] o.s.b.a.e.mvc.EndpointHandlerMapping     : Mapped "{[/heapdump || /heapdump.json],methods=[GET],produces=[application/octet-stream]}" onto public void org.springframework.boot.actuate.endpoint.mvc.HeapdumpMvcEndpoint.invoke(boolean,javax.servlet.http.HttpServletRequest,javax.servlet.http.HttpServletResponse) throws java.io.IOException,javax.servlet.ServletException
2017-05-11 10:36:01.194  INFO 11204 --- [main] o.s.b.a.e.mvc.EndpointHandlerMapping     : Mapped "{[/mappings || /mappings.json],methods=[GET],produces=[application/json]}" onto public java.lang.Object org.springframework.boot.actuate.endpoint.mvc.EndpointMvcAdapter.invoke()
2017-05-11 10:36:01.194  INFO 11204 --- [main] o.s.b.a.e.mvc.EndpointHandlerMapping     : Mapped "{[/beans || /beans.json],methods=[GET],produces=[application/json]}" onto public java.lang.Object org.springframework.boot.actuate.endpoint.mvc.EndpointMvcAdapter.invoke()
2017-05-11 10:36:01.195  INFO 11204 --- [main] o.s.b.a.e.mvc.EndpointHandlerMapping     : Mapped "{[/dump || /dump.json],methods=[GET],produces=[application/json]}" onto public java.lang.Object org.springframework.boot.actuate.endpoint.mvc.EndpointMvcAdapter.invoke()
2017-05-11 10:36:01.199  INFO 11204 --- [main] o.s.b.a.e.mvc.EndpointHandlerMapping     : Mapped "{[/metrics/{name:.*}],methods=[GET],produces=[application/json]}" onto public java.lang.Object org.springframework.boot.actuate.endpoint.mvc.MetricsMvcEndpoint.value(java.lang.String)
2017-05-11 10:36:01.200  INFO 11204 --- [main] o.s.b.a.e.mvc.EndpointHandlerMapping     : Mapped "{[/metrics || /metrics.json],methods=[GET],produces=[application/json]}" onto public java.lang.Object org.springframework.boot.actuate.endpoint.mvc.EndpointMvcAdapter.invoke()
2017-05-11 10:36:01.203  INFO 11204 --- [main] o.s.b.a.e.mvc.EndpointHandlerMapping     : Mapped "{[/info || /info.json],methods=[GET],produces=[application/json]}" onto public java.lang.Object org.springframework.boot.actuate.endpoint.mvc.EndpointMvcAdapter.invoke()
2017-05-11 10:36:01.230  INFO 11204 --- [main] s.w.s.m.m.a.RequestMappingHandlerMapping : Mapped "{[/error]}" onto public java.util.Map<java.lang.String, java.lang.Object> org.springframework.boot.actuate.endpoint.mvc.ManagementErrorEndpoint.invoke()
2017-05-11 10:36:01.244  INFO 11204 --- [main] s.w.s.m.m.a.RequestMappingHandlerAdapter : Looking for @ControllerAdvice: org.springframework.boot.context.embedded.AnnotationConfigEmbeddedWebApplicationContext@6e364f1f: startup date [Thu May 11 10:36:00 CST 2017]; parent: org.springframework.boot.context.embedded.AnnotationConfigEmbeddedWebApplicationContext@59b38691
2017-05-11 10:36:01.256  INFO 11204 --- [main] o.s.w.s.handler.SimpleUrlHandlerMapping  : Mapped URL path [/webjars/**] onto handler of type [class org.springframework.web.servlet.resource.ResourceHttpRequestHandler]
2017-05-11 10:36:01.256  INFO 11204 --- [main] o.s.w.s.handler.SimpleUrlHandlerMapping  : Mapped URL path [/**] onto handler of type [class org.springframework.web.servlet.resource.ResourceHttpRequestHandler]
2017-05-11 10:36:01.416  INFO 11204 --- [main] s.b.c.e.t.TomcatEmbeddedServletContainer : Tomcat started on port(s): 8093 (http)
2017-05-11 10:36:01.421  INFO 11204 --- [main] o.s.c.support.DefaultLifecycleProcessor  : Starting beans in phase 0
2017-05-11 10:36:01.505  INFO 11204 --- [main] s.b.c.e.t.TomcatEmbeddedServletContainer : Tomcat started on port(s): 7003 (http)
2017-05-11 10:36:01.523  INFO 11204 --- [main] com.gclasscn.mongo.Application           : Started Application in 6.057 seconds (JVM running for 6.558)
2017-05-11 11:19:02.208  INFO 10540 --- [main] com.gclasscn.mongo.Application           : Starting Application on DESKTOP-FQDQV76 with PID 10540 (D:\workspace\edu_mongdb\target\classes started by xiaojun in D:\workspace\edu_mongdb)
2017-05-11 11:19:02.216  INFO 10540 --- [main] com.gclasscn.mongo.Application           : No active profile set, falling back to default profiles: default
2017-05-11 11:19:02.282  INFO 10540 --- [main] ationConfigEmbeddedWebApplicationContext : Refreshing org.springframework.boot.context.embedded.AnnotationConfigEmbeddedWebApplicationContext@59b38691: startup date [Thu May 11 11:19:02 CST 2017]; root of context hierarchy
2017-05-11 11:19:04.591  INFO 10540 --- [main] s.b.c.e.t.TomcatEmbeddedServletContainer : Tomcat initialized with port(s): 7003 (http)
2017-05-11 11:19:04.603  INFO 10540 --- [main] o.apache.catalina.core.StandardService   : Starting service Tomcat
2017-05-11 11:19:04.606  INFO 10540 --- [main] org.apache.catalina.core.StandardEngine  : Starting Servlet Engine: Apache Tomcat/8.5.6
2017-05-11 11:19:04.720  INFO 10540 --- [localhost-startStop-1] o.a.c.c.C.[Tomcat].[localhost].[/]       : Initializing Spring embedded WebApplicationContext
2017-05-11 11:19:04.720  INFO 10540 --- [localhost-startStop-1] o.s.web.context.ContextLoader            : Root WebApplicationContext: initialization completed in 2441 ms
2017-05-11 11:19:05.121  INFO 10540 --- [localhost-startStop-1] o.s.b.w.servlet.ServletRegistrationBean  : Mapping servlet: 'dispatcherServlet' to [/]
2017-05-11 11:19:05.127  INFO 10540 --- [localhost-startStop-1] o.s.b.w.servlet.FilterRegistrationBean   : Mapping filter: 'metricsFilter' to: [/*]
2017-05-11 11:19:05.128  INFO 10540 --- [localhost-startStop-1] o.s.b.w.servlet.FilterRegistrationBean   : Mapping filter: 'characterEncodingFilter' to: [/*]
2017-05-11 11:19:05.128  INFO 10540 --- [localhost-startStop-1] o.s.b.w.servlet.FilterRegistrationBean   : Mapping filter: 'hiddenHttpMethodFilter' to: [/*]
2017-05-11 11:19:05.128  INFO 10540 --- [localhost-startStop-1] o.s.b.w.servlet.FilterRegistrationBean   : Mapping filter: 'httpPutFormContentFilter' to: [/*]
2017-05-11 11:19:05.128  INFO 10540 --- [localhost-startStop-1] o.s.b.w.servlet.FilterRegistrationBean   : Mapping filter: 'requestContextFilter' to: [/*]
2017-05-11 11:19:05.128  INFO 10540 --- [localhost-startStop-1] o.s.b.w.servlet.FilterRegistrationBean   : Mapping filter: 'webRequestLoggingFilter' to: [/*]
2017-05-11 11:19:05.129  INFO 10540 --- [localhost-startStop-1] o.s.b.w.servlet.FilterRegistrationBean   : Mapping filter: 'applicationContextIdFilter' to: [/*]
2017-05-11 11:19:05.460  INFO 10540 --- [main] org.mongodb.driver.cluster               : Cluster created with settings {hosts=[localhost:27017], mode=MULTIPLE, requiredClusterType=UNKNOWN, serverSelectionTimeout='30000 ms', maxWaitQueueSize=500}
2017-05-11 11:19:05.461  INFO 10540 --- [main] org.mongodb.driver.cluster               : Adding discovered server localhost:27017 to client view of cluster
2017-05-11 11:19:05.534  INFO 10540 --- [cluster-ClusterId{value='5913d82955aed5292c19487d', description='null'}-localhost:27017] org.mongodb.driver.connection            : Opened connection [connectionId{localValue:1, serverValue:42}] to localhost:27017
2017-05-11 11:19:05.535  INFO 10540 --- [cluster-ClusterId{value='5913d82955aed5292c19487d', description='null'}-localhost:27017] org.mongodb.driver.cluster               : Monitor thread successfully connected to server with description ServerDescription{address=localhost:27017, type=STANDALONE, state=CONNECTED, ok=true, version=ServerVersion{versionList=[3, 4, 4]}, minWireVersion=0, maxWireVersion=5, maxDocumentSize=16777216, roundTripTimeNanos=641779}
2017-05-11 11:19:05.536  INFO 10540 --- [cluster-ClusterId{value='5913d82955aed5292c19487d', description='null'}-localhost:27017] org.mongodb.driver.cluster               : Discovered cluster type of STANDALONE
2017-05-11 11:19:05.831  INFO 10540 --- [main] o.a.j.office.ProcessPoolOfficeManager    : ProcessManager implementation is PureJavaProcessManager
2017-05-11 11:19:06.200  INFO 10540 --- [main] s.w.s.m.m.a.RequestMappingHandlerAdapter : Looking for @ControllerAdvice: org.springframework.boot.context.embedded.AnnotationConfigEmbeddedWebApplicationContext@59b38691: startup date [Thu May 11 11:19:02 CST 2017]; root of context hierarchy
2017-05-11 11:19:06.277  INFO 10540 --- [main] s.w.s.m.m.a.RequestMappingHandlerMapping : Mapped "{[/v1/files/id/{id}],methods=[GET]}" onto public org.springframework.http.ResponseEntity<org.springframework.core.io.InputStreamResource> com.gclasscn.mongo.controller.FileController.downloadFile(java.lang.String,javax.servlet.http.HttpServletRequest)
2017-05-11 11:19:06.279  INFO 10540 --- [main] s.w.s.m.m.a.RequestMappingHandlerMapping : Mapped "{[/v1/files/images/{imageId}/{width}/{height}],methods=[GET]}" onto public java.lang.String com.gclasscn.mongo.controller.FileController.getImageData(java.lang.String,java.lang.Integer,java.lang.Integer)
2017-05-11 11:19:06.280  INFO 10540 --- [main] s.w.s.m.m.a.RequestMappingHandlerMapping : Mapped "{[/v1/files/ids],methods=[GET]}" onto public void com.gclasscn.mongo.controller.FileController.downloadFiles(java.lang.String[],javax.servlet.http.HttpServletRequest,javax.servlet.http.HttpServletResponse)
2017-05-11 11:19:06.280  INFO 10540 --- [main] s.w.s.m.m.a.RequestMappingHandlerMapping : Mapped "{[/v1/files/fileid/{fileId}],methods=[DELETE]}" onto public java.lang.Integer com.gclasscn.mongo.controller.FileController.deleteFile(java.lang.String)
2017-05-11 11:19:06.280  INFO 10540 --- [main] s.w.s.m.m.a.RequestMappingHandlerMapping : Mapped "{[/v1/files],methods=[POST]}" onto public com.gclasscn.mongo.domain.UploadResponse com.gclasscn.mongo.controller.FileController.uploadFile(org.springframework.web.multipart.MultipartFile)
2017-05-11 11:19:06.280  INFO 10540 --- [main] s.w.s.m.m.a.RequestMappingHandlerMapping : Mapped "{[/v1/files/images/{imageId}],methods=[GET]}" onto public void com.gclasscn.mongo.controller.FileController.preview(java.lang.String,javax.servlet.http.HttpServletRequest,javax.servlet.http.HttpServletResponse)
2017-05-11 11:19:06.282  INFO 10540 --- [main] s.w.s.m.m.a.RequestMappingHandlerMapping : Mapped "{[/error]}" onto public org.springframework.http.ResponseEntity<java.util.Map<java.lang.String, java.lang.Object>> org.springframework.boot.autoconfigure.web.BasicErrorController.error(javax.servlet.http.HttpServletRequest)
2017-05-11 11:19:06.283  INFO 10540 --- [main] s.w.s.m.m.a.RequestMappingHandlerMapping : Mapped "{[/error],produces=[text/html]}" onto public org.springframework.web.servlet.ModelAndView org.springframework.boot.autoconfigure.web.BasicErrorController.errorHtml(javax.servlet.http.HttpServletRequest,javax.servlet.http.HttpServletResponse)
2017-05-11 11:19:06.327  INFO 10540 --- [main] o.s.w.s.handler.SimpleUrlHandlerMapping  : Mapped URL path [/webjars/**] onto handler of type [class org.springframework.web.servlet.resource.ResourceHttpRequestHandler]
2017-05-11 11:19:06.328  INFO 10540 --- [main] o.s.w.s.handler.SimpleUrlHandlerMapping  : Mapped URL path [/**] onto handler of type [class org.springframework.web.servlet.resource.ResourceHttpRequestHandler]
2017-05-11 11:19:06.377  INFO 10540 --- [main] o.s.w.s.handler.SimpleUrlHandlerMapping  : Mapped URL path [/**/favicon.ico] onto handler of type [class org.springframework.web.servlet.resource.ResourceHttpRequestHandler]
2017-05-11 11:19:07.115  INFO 10540 --- [main] o.s.j.e.a.AnnotationMBeanExporter        : Registering beans for JMX exposure on startup
2017-05-11 11:19:07.123  INFO 10540 --- [main] ationConfigEmbeddedWebApplicationContext : Refreshing org.springframework.boot.context.embedded.AnnotationConfigEmbeddedWebApplicationContext@38e00b47: startup date [Thu May 11 11:19:07 CST 2017]; parent: org.springframework.boot.context.embedded.AnnotationConfigEmbeddedWebApplicationContext@59b38691
2017-05-11 11:19:07.154  INFO 10540 --- [main] o.s.b.f.s.DefaultListableBeanFactory     : Overriding bean definition for bean 'handlerExceptionResolver' with a different definition: replacing [Root bean: class [null]; scope=; abstract=false; lazyInit=false; autowireMode=3; dependencyCheck=0; autowireCandidate=true; primary=false; factoryBeanName=org.springframework.web.servlet.config.annotation.DelegatingWebMvcConfiguration; factoryMethodName=handlerExceptionResolver; initMethodName=null; destroyMethodName=(inferred); defined in org.springframework.web.servlet.config.annotation.DelegatingWebMvcConfiguration] with [Root bean: class [null]; scope=; abstract=false; lazyInit=false; autowireMode=3; dependencyCheck=0; autowireCandidate=true; primary=false; factoryBeanName=endpointWebMvcChildContextConfiguration; factoryMethodName=compositeHandlerExceptionResolver; initMethodName=null; destroyMethodName=(inferred); defined in org.springframework.boot.actuate.autoconfigure.EndpointWebMvcChildContextConfiguration]
2017-05-11 11:19:07.209  INFO 10540 --- [main] s.b.c.e.t.TomcatEmbeddedServletContainer : Tomcat initialized with port(s): 8093 (http)
2017-05-11 11:19:07.210  INFO 10540 --- [main] o.apache.catalina.core.StandardService   : Starting service Tomcat
2017-05-11 11:19:07.210  INFO 10540 --- [main] org.apache.catalina.core.StandardEngine  : Starting Servlet Engine: Apache Tomcat/8.5.6
2017-05-11 11:19:07.223  INFO 10540 --- [localhost-startStop-1] o.a.c.c.C.[Tomcat-1].[localhost].[/]     : Initializing Spring embedded WebApplicationContext
2017-05-11 11:19:07.224  INFO 10540 --- [localhost-startStop-1] o.s.web.context.ContextLoader            : Root WebApplicationContext: initialization completed in 102 ms
2017-05-11 11:19:07.228  INFO 10540 --- [localhost-startStop-1] o.s.b.w.servlet.ServletRegistrationBean  : Mapping servlet: 'dispatcherServlet' to [/]
2017-05-11 11:19:07.364  INFO 10540 --- [main] o.s.b.a.e.mvc.EndpointHandlerMapping     : Mapped "{[/configprops || /configprops.json],methods=[GET],produces=[application/json]}" onto public java.lang.Object org.springframework.boot.actuate.endpoint.mvc.EndpointMvcAdapter.invoke()
2017-05-11 11:19:07.364  INFO 10540 --- [main] o.s.b.a.e.mvc.EndpointHandlerMapping     : Mapped "{[/info || /info.json],methods=[GET],produces=[application/json]}" onto public java.lang.Object org.springframework.boot.actuate.endpoint.mvc.EndpointMvcAdapter.invoke()
2017-05-11 11:19:07.365  INFO 10540 --- [main] o.s.b.a.e.mvc.EndpointHandlerMapping     : Mapped "{[/autoconfig || /autoconfig.json],methods=[GET],produces=[application/json]}" onto public java.lang.Object org.springframework.boot.actuate.endpoint.mvc.EndpointMvcAdapter.invoke()
2017-05-11 11:19:07.367  INFO 10540 --- [main] o.s.b.a.e.mvc.EndpointHandlerMapping     : Mapped "{[/dump || /dump.json],methods=[GET],produces=[application/json]}" onto public java.lang.Object org.springframework.boot.actuate.endpoint.mvc.EndpointMvcAdapter.invoke()
2017-05-11 11:19:07.368  INFO 10540 --- [main] o.s.b.a.e.mvc.EndpointHandlerMapping     : Mapped "{[/mappings || /mappings.json],methods=[GET],produces=[application/json]}" onto public java.lang.Object org.springframework.boot.actuate.endpoint.mvc.EndpointMvcAdapter.invoke()
2017-05-11 11:19:07.369  INFO 10540 --- [main] o.s.b.a.e.mvc.EndpointHandlerMapping     : Mapped "{[/heapdump || /heapdump.json],methods=[GET],produces=[application/octet-stream]}" onto public void org.springframework.boot.actuate.endpoint.mvc.HeapdumpMvcEndpoint.invoke(boolean,javax.servlet.http.HttpServletRequest,javax.servlet.http.HttpServletResponse) throws java.io.IOException,javax.servlet.ServletException
2017-05-11 11:19:07.370  INFO 10540 --- [main] o.s.b.a.e.mvc.EndpointHandlerMapping     : Mapped "{[/health || /health.json],produces=[application/json]}" onto public java.lang.Object org.springframework.boot.actuate.endpoint.mvc.HealthMvcEndpoint.invoke(java.security.Principal)
2017-05-11 11:19:07.372  INFO 10540 --- [main] o.s.b.a.e.mvc.EndpointHandlerMapping     : Mapped "{[/trace || /trace.json],methods=[GET],produces=[application/json]}" onto public java.lang.Object org.springframework.boot.actuate.endpoint.mvc.EndpointMvcAdapter.invoke()
2017-05-11 11:19:07.373  INFO 10540 --- [main] o.s.b.a.e.mvc.EndpointHandlerMapping     : Mapped "{[/env/{name:.*}],methods=[GET],produces=[application/json]}" onto public java.lang.Object org.springframework.boot.actuate.endpoint.mvc.EnvironmentMvcEndpoint.value(java.lang.String)
2017-05-11 11:19:07.374  INFO 10540 --- [main] o.s.b.a.e.mvc.EndpointHandlerMapping     : Mapped "{[/env || /env.json],methods=[GET],produces=[application/json]}" onto public java.lang.Object org.springframework.boot.actuate.endpoint.mvc.EndpointMvcAdapter.invoke()
2017-05-11 11:19:07.375  INFO 10540 --- [main] o.s.b.a.e.mvc.EndpointHandlerMapping     : Mapped "{[/logfile || /logfile.json],methods=[GET || HEAD]}" onto public void org.springframework.boot.actuate.endpoint.mvc.LogFileMvcEndpoint.invoke(javax.servlet.http.HttpServletRequest,javax.servlet.http.HttpServletResponse) throws javax.servlet.ServletException,java.io.IOException
2017-05-11 11:19:07.377  INFO 10540 --- [main] o.s.b.a.e.mvc.EndpointHandlerMapping     : Mapped "{[/metrics/{name:.*}],methods=[GET],produces=[application/json]}" onto public java.lang.Object org.springframework.boot.actuate.endpoint.mvc.MetricsMvcEndpoint.value(java.lang.String)
2017-05-11 11:19:07.377  INFO 10540 --- [main] o.s.b.a.e.mvc.EndpointHandlerMapping     : Mapped "{[/metrics || /metrics.json],methods=[GET],produces=[application/json]}" onto public java.lang.Object org.springframework.boot.actuate.endpoint.mvc.EndpointMvcAdapter.invoke()
2017-05-11 11:19:07.378  INFO 10540 --- [main] o.s.b.a.e.mvc.EndpointHandlerMapping     : Mapped "{[/beans || /beans.json],methods=[GET],produces=[application/json]}" onto public java.lang.Object org.springframework.boot.actuate.endpoint.mvc.EndpointMvcAdapter.invoke()
2017-05-11 11:19:07.399  INFO 10540 --- [main] s.w.s.m.m.a.RequestMappingHandlerMapping : Mapped "{[/error]}" onto public java.util.Map<java.lang.String, java.lang.Object> org.springframework.boot.actuate.endpoint.mvc.ManagementErrorEndpoint.invoke()
2017-05-11 11:19:07.418  INFO 10540 --- [main] s.w.s.m.m.a.RequestMappingHandlerAdapter : Looking for @ControllerAdvice: org.springframework.boot.context.embedded.AnnotationConfigEmbeddedWebApplicationContext@38e00b47: startup date [Thu May 11 11:19:07 CST 2017]; parent: org.springframework.boot.context.embedded.AnnotationConfigEmbeddedWebApplicationContext@59b38691
2017-05-11 11:19:07.426  INFO 10540 --- [main] o.s.w.s.handler.SimpleUrlHandlerMapping  : Mapped URL path [/webjars/**] onto handler of type [class org.springframework.web.servlet.resource.ResourceHttpRequestHandler]
2017-05-11 11:19:07.427  INFO 10540 --- [main] o.s.w.s.handler.SimpleUrlHandlerMapping  : Mapped URL path [/**] onto handler of type [class org.springframework.web.servlet.resource.ResourceHttpRequestHandler]
2017-05-11 11:19:07.589  INFO 10540 --- [main] s.b.c.e.t.TomcatEmbeddedServletContainer : Tomcat started on port(s): 8093 (http)
2017-05-11 11:19:07.593  INFO 10540 --- [main] o.s.c.support.DefaultLifecycleProcessor  : Starting beans in phase 0
2017-05-11 11:19:07.679  INFO 10540 --- [main] s.b.c.e.t.TomcatEmbeddedServletContainer : Tomcat started on port(s): 7003 (http)
2017-05-11 11:19:07.685  INFO 10540 --- [main] com.gclasscn.mongo.Application           : Started Application in 6.018 seconds (JVM running for 6.496)
2017-05-11 11:28:21.914  INFO 10540 --- [http-nio-7003-exec-1] o.a.c.c.C.[Tomcat].[localhost].[/]       : Initializing Spring FrameworkServlet 'dispatcherServlet'
2017-05-11 11:28:21.915  INFO 10540 --- [http-nio-7003-exec-1] o.s.web.servlet.DispatcherServlet        : FrameworkServlet 'dispatcherServlet': initialization started
2017-05-11 11:28:21.940  INFO 10540 --- [http-nio-7003-exec-1] o.s.web.servlet.DispatcherServlet        : FrameworkServlet 'dispatcherServlet': initialization completed in 25 ms
2017-05-11 11:29:10.026  INFO 10540 --- [http-nio-7003-exec-2] org.mongodb.driver.connection            : Opened connection [connectionId{localValue:2, serverValue:43}] to localhost:27017
